<testsuite name="DEVICE_ID-594c6b22-e113-4855-80c3-c763cc474831" tests="5" failures="0" errors="2" skipped="0" timestamp="Thu, 30 May 2019 10:32:00 GMT" time="123.43">
<testcase classname="Video player" name="should be able to forward and rewind video" time="10.662"><failure>queryFailed: &#x22;Checking if &#x22;video&#x22; matches:
  videoLength &#x3E; 1810,
  videoPos &#x3E; 1000,
  videoState = playing,
  videoUrl = http://file.suite.st/sampleapp/api/video/a84d67e5-c6d4-41c0-9f70-cd8c7a5f6f4f.mp4.&#x22;
&#x9;Failing checks:
&#x9;&#x1B;[32m~ videoPos: 1000 (expected)&#x1B;[39m
&#x9;&#x1B;[31m&#xD7; videoPos: 226 (actual)&#x1B;[39m
&#x9;
Error
    at Context.it (watchMeTests/forwardingRewindingVideo.test.js:39:6)
    at process.topLevelDomainCallback (domain.js:121:23)</failure></testcase>
<testcase classname="Navigation on Category Pages" name="should work as expected" time="4.426"/>
<testcase classname="Image gallery" name="should open correct image" time="4.301"/>
<testcase classname="Back navigation" name="should navigate to &#x22;Homepage&#x22; after &#x22;Back&#x22; button press" time="7.294"><failure>Element &#x22;image (candies) focused&#x22; was not found.
Error
    at snapshotElement (watchMeTests/utils.js:36:4)
    at Context.it (watchMeTests/returningToHomepage.test.js:27:9)
    at process._tickCallback (internal/process/next_tick.js:68:7)</failure></testcase>
<testcase classname="Basic functionality" name="should work correctly" time="3.026"/>
</testsuite>
